
ROM used:   448/8192 (5%)
            448/8192 (5%) including unused fragments

            0.4 Average locations per line
            2.7 Average locations per statement

RAM used:   5/368 (1%) at main() level
            15/368 (4%) worst case

Stack used: 0 worst case (0 in main + 0 for interrupts)
Stack size: 8

Lines Stmts  %   Files
----- ----- ---  -----
   65    84  50  main.c
  629     0   0  ..\..\..\..\..\..\Program Files (x86)\PICC\Devices\16f877.h
  456    84  50  ..\..\..\..\..\..\Program Files (x86)\PICC\Drivers\lcd.c
----- -----
 1150   168 Total

Page ROM  %  RAM   Vol Diff  Functions:
---- --- --- ---   --- ----  ----------
0     21   5    1             @delay_ms1
0      8   2    0             @const622
 Inline         3   596  5.9  lcd_read_byte
0      6   1    0    59  4.2  lcd_read_nibble
0     12   3    1   179  3.3  lcd_send_nibble
0     64  14    3   460  4.7  lcd_send_byte
0     51  11    2   667  5.9  lcd_init
0     18   4    4   208  6.3  lcd_gotoxy
0     44  10    1   354  4.7  lcd_putc
0    193  43    0  2117  2.9  tus
0     27   6    0   158  1.8  MAIN
 Inline         0             @cinit1

Program metrics:
    Functions               9
    Statements              168
    Comments                202
    Volume (V)              6978
    Difficulty (D)          37.4
    Effort to implement (E) 261073
    Time to implement (T)   4 hours, 2 minutes
    Est Delivered Bugs (B)  1
    Cyclomatic Complexity   24
    Maintainability (MI)    132

 Segment     Used  Free
-----------  ----  ----
00000-00003     4  0  
00004-007FF   444  1600  
00800-00FFF     0  2048  
01000-017FF     0  2048  
01800-01FFF     0  2048  



