CCS PCM C Compiler, Version 5.007, 61971               20-May-24 22:38

               Filename:   C:\Users\mmizt\Desktop\MÝKROÝÞLEMCÝLER\mikroiþlemciler deneme\lcd\main.lst

               ROM used:   448 words (5%)
                           Largest free fragment is 2048
               RAM used:   5 (1%) at main() level
                           15 (4%) worst case
               Stack used: 0 locations
               Stack size: 8

*
0000:  MOVLW  01
0001:  MOVWF  0A
0002:  GOTO   1A5
0003:  NOP
.................... #include <16f877.h> 
.................... //////// Standard Header file for the PIC16F877 device //////////////// 
.................... #device PIC16F877 
0004:  BCF    0A.0
0005:  BCF    0A.1
0006:  BCF    0A.2
0007:  ADDWF  02,F
0008:  RETLW  28
0009:  RETLW  0C
000A:  RETLW  01
000B:  RETLW  06
....................  
.................... #list 
....................  
.................... #use delay(clock=4000000) 
000C:  MOVLW  22
000D:  MOVWF  04
000E:  BCF    03.7
000F:  MOVF   00,W
0010:  BTFSC  03.2
0011:  GOTO   020
0012:  MOVLW  01
0013:  MOVWF  78
0014:  CLRF   77
0015:  DECFSZ 77,F
0016:  GOTO   015
0017:  DECFSZ 78,F
0018:  GOTO   014
0019:  MOVLW  4A
001A:  MOVWF  77
001B:  DECFSZ 77,F
001C:  GOTO   01B
001D:  GOTO   01E
001E:  DECFSZ 00,F
001F:  GOTO   012
0020:  RETURN
.................... #fuses XT,NOWDT,NOLVP,NOCPD,NOPROTECT,NODEBUG,NOBROWNOUT,NOWRT 
.................... #use fast_io(b) 
.................... #use fast_io(d) 
.................... #define use_portb_lcd TRUE 
.................... #include <lcd.c> 
.................... /////////////////////////////////////////////////////////////////////////////// 
.................... ////                             LCD.C                                     //// 
.................... ////                 Driver for common LCD modules                         //// 
.................... ////                                                                       //// 
.................... ////  lcd_init()   Must be called before any other function.               //// 
.................... ////                                                                       //// 
.................... ////  lcd_putc(c)  Will display c on the next position of the LCD.         //// 
.................... ////                 \a  Set cursor position to upper left                 //// 
.................... ////                 \f  Clear display, set cursor to upper left           //// 
.................... ////                 \n  Go to start of second line                        //// 
.................... ////                 \b  Move back one position                            //// 
.................... ////              If LCD_EXTENDED_NEWLINE is defined, the \n character     //// 
.................... ////              will erase all remanining characters on the current      //// 
.................... ////              line, and move the cursor to the beginning of the next   //// 
.................... ////              line.                                                    //// 
.................... ////              If LCD_EXTENDED_NEWLINE is defined, the \r character     //// 
.................... ////              will move the cursor to the start of the current         //// 
.................... ////              line.                                                    //// 
.................... ////                                                                       //// 
.................... ////  lcd_gotoxy(x,y) Set write position on LCD (upper left is 1,1)        //// 
.................... ////                                                                       //// 
.................... ////  lcd_getc(x,y)   Returns character at position x,y on LCD             //// 
.................... ////                                                                       //// 
.................... ////  lcd_cursor_on(int1 on)   Turn the cursor on (on=TRUE) or off         //// 
.................... ////              (on=FALSE).                                              //// 
.................... ////                                                                       //// 
.................... ////  lcd_set_cgram_char(w, *p)   Write a custom character to the CGRAM.   //// 
.................... ////                                                                       //// 
.................... ////                                                                       //// 
.................... ////  CONFIGURATION                                                        //// 
.................... ////  The LCD can be configured in one of two ways: a.) port access or     //// 
.................... ////  b.) pin access.  Port access requires the entire 7 bit interface     //// 
.................... ////  connected to one GPIO port, and the data bits (D4:D7 of the LCD)     //// 
.................... ////  connected to sequential pins on the GPIO.  Pin access                //// 
.................... ////  has no requirements, all 7 bits of the control interface can         //// 
.................... ////  can be connected to any GPIO using several ports.                    //// 
.................... ////                                                                       //// 
.................... ////  To use port access, #define LCD_DATA_PORT to the SFR location of     //// 
.................... ////  of the GPIO port that holds the interface, -AND- edit LCD_PIN_MAP    //// 
.................... ////  of this file to configure the pin order.  If you are using a         //// 
.................... ////  baseline PIC (PCB), then LCD_OUTPUT_MAP and LCD_INPUT_MAP also must  //// 
.................... ////  be defined.                                                          //// 
.................... ////                                                                       //// 
.................... ////  Example of port access:                                              //// 
.................... ////     #define LCD_DATA_PORT getenv("SFR:PORTD")                         //// 
.................... ////                                                                       //// 
.................... ////  To use pin access, the following pins must be defined:               //// 
.................... ////     LCD_ENABLE_PIN                                                    //// 
.................... ////     LCD_RS_PIN                                                        //// 
.................... ////     LCD_RW_PIN                                                        //// 
.................... ////     LCD_DATA4                                                         //// 
.................... ////     LCD_DATA5                                                         //// 
.................... ////     LCD_DATA6                                                         //// 
.................... ////     LCD_DATA7                                                         //// 
.................... ////                                                                       //// 
.................... ////  Example of pin access:                                               //// 
.................... ////     #define LCD_ENABLE_PIN  PIN_E0                                    //// 
.................... ////     #define LCD_RS_PIN      PIN_E1                                    //// 
.................... ////     #define LCD_RW_PIN      PIN_E2                                    //// 
.................... ////     #define LCD_DATA4       PIN_D4                                    //// 
.................... ////     #define LCD_DATA5       PIN_D5                                    //// 
.................... ////     #define LCD_DATA6       PIN_D6                                    //// 
.................... ////     #define LCD_DATA7       PIN_D7                                    //// 
.................... ////                                                                       //// 
.................... /////////////////////////////////////////////////////////////////////////////// 
.................... ////        (C) Copyright 1996,2010 Custom Computer Services           //// 
.................... //// This source code may only be used by licensed users of the CCS C  //// 
.................... //// compiler.  This source code may only be distributed to other      //// 
.................... //// licensed users of the CCS C compiler.  No other use, reproduction //// 
.................... //// or distribution is permitted without written permission.          //// 
.................... //// Derivative programs created using this software in object code    //// 
.................... //// form are not restricted in any way.                               //// 
.................... /////////////////////////////////////////////////////////////////////////// 
....................  
.................... #ifndef __LCD_C__ 
.................... #define __LCD_C__ 
....................  
.................... // define the pinout. 
.................... // only required if port access is being used. 
.................... typedef struct   
.................... {                            // This structure is overlayed 
....................    int1 enable;           // on to an I/O port to gain 
....................    int1 rs;               // access to the LCD pins. 
....................    int1 rw;               // The bits are allocated from 
....................    int1 unused;           // low order up.  ENABLE will 
....................    unsigned int     data : 4;         // be LSB pin of that port. 
....................   #if defined(__PCD__)       // The port used will be LCD_DATA_PORT. 
....................    unsigned int    reserved: 8; 
....................   #endif 
.................... } LCD_PIN_MAP; 
....................  
.................... // this is to improve compatability with previous LCD drivers that accepted 
.................... // a define labeled 'use_portb_lcd' that configured the LCD onto port B. 
.................... #if ((defined(use_portb_lcd)) && (use_portb_lcd==TRUE)) 
....................  #define LCD_DATA_PORT getenv("SFR:PORTB") 
.................... #endif 
....................  
.................... #if defined(__PCB__) 
....................    // these definitions only need to be modified for baseline PICs. 
....................    // all other PICs use LCD_PIN_MAP or individual LCD_xxx pin definitions. 
.................... /*                                    EN, RS,   RW,   UNUSED,  DATA  */ 
....................  const LCD_PIN_MAP LCD_OUTPUT_MAP =  {0,  0,    0,    0,       0}; 
....................  const LCD_PIN_MAP LCD_INPUT_MAP =   {0,  0,    0,    0,       0xF}; 
.................... #endif 
....................  
.................... ////////////////////// END CONFIGURATION /////////////////////////////////// 
....................  
.................... #ifndef LCD_ENABLE_PIN 
....................    #define lcd_output_enable(x) lcdlat.enable=x 
....................    #define lcd_enable_tris()   lcdtris.enable=0 
.................... #else 
....................    #define lcd_output_enable(x) output_bit(LCD_ENABLE_PIN, x) 
....................    #define lcd_enable_tris()  output_drive(LCD_ENABLE_PIN) 
.................... #endif 
....................  
.................... #ifndef LCD_RS_PIN 
....................    #define lcd_output_rs(x) lcdlat.rs=x 
....................    #define lcd_rs_tris()   lcdtris.rs=0 
.................... #else 
....................    #define lcd_output_rs(x) output_bit(LCD_RS_PIN, x) 
....................    #define lcd_rs_tris()  output_drive(LCD_RS_PIN) 
.................... #endif 
....................  
.................... #ifndef LCD_RW_PIN 
....................    #define lcd_output_rw(x) lcdlat.rw=x 
....................    #define lcd_rw_tris()   lcdtris.rw=0 
.................... #else 
....................    #define lcd_output_rw(x) output_bit(LCD_RW_PIN, x) 
....................    #define lcd_rw_tris()  output_drive(LCD_RW_PIN) 
.................... #endif 
....................  
.................... // original version of this library incorrectly labeled LCD_DATA0 as LCD_DATA4, 
.................... // LCD_DATA1 as LCD_DATA5, and so on.  this block of code makes the driver 
.................... // compatible with any code written for the original library 
.................... #if (defined(LCD_DATA0) && defined(LCD_DATA1) && defined(LCD_DATA2) && defined(LCD_DATA3) && !defined(LCD_DATA4) && !defined(LCD_DATA5) && !defined(LCD_DATA6) && !defined(LCD_DATA7)) 
....................    #define  LCD_DATA4    LCD_DATA0 
....................    #define  LCD_DATA5    LCD_DATA1 
....................    #define  LCD_DATA6    LCD_DATA2 
....................    #define  LCD_DATA7    LCD_DATA3 
.................... #endif 
....................  
.................... #ifndef LCD_DATA4 
.................... #ifndef LCD_DATA_PORT 
....................    #if defined(__PCB__) 
....................       #define LCD_DATA_PORT      0x06     //portb 
....................       #define set_tris_lcd(x)   set_tris_b(x) 
....................    #else 
....................      #if defined(PIN_D0) 
....................       #define LCD_DATA_PORT      getenv("SFR:PORTD")     //portd 
....................      #else 
....................       #define LCD_DATA_PORT      getenv("SFR:PORTB")     //portb 
....................      #endif 
....................    #endif    
.................... #endif 
....................  
.................... #if defined(__PCB__) 
....................    LCD_PIN_MAP lcd, lcdlat; 
....................    #byte lcd = LCD_DATA_PORT 
....................    #byte lcdlat = LCD_DATA_PORT 
.................... #elif defined(__PCM__) 
....................    LCD_PIN_MAP lcd, lcdlat, lcdtris; 
....................    #byte lcd = LCD_DATA_PORT 
....................    #byte lcdlat = LCD_DATA_PORT 
....................    #byte lcdtris = LCD_DATA_PORT+0x80 
.................... #elif defined(__PCH__) 
....................    LCD_PIN_MAP lcd, lcdlat, lcdtris; 
....................    #byte lcd = LCD_DATA_PORT 
....................    #byte lcdlat = LCD_DATA_PORT+9 
....................    #byte lcdtris = LCD_DATA_PORT+0x12 
.................... #elif defined(__PCD__) 
....................    LCD_PIN_MAP lcd, lcdlat, lcdtris; 
....................    #word lcd = LCD_DATA_PORT 
....................    #word lcdlat = LCD_DATA_PORT+2 
....................    #word lcdtris = LCD_DATA_PORT-0x02 
.................... #endif 
.................... #endif   //LCD_DATA4 not defined 
....................  
.................... #ifndef LCD_TYPE 
....................    #define LCD_TYPE 2           // 0=5x7, 1=5x10, 2=2 lines 
.................... #endif 
....................  
.................... #ifndef LCD_LINE_TWO 
....................    #define LCD_LINE_TWO 0x40    // LCD RAM address for the second line 
.................... #endif 
....................  
.................... #ifndef LCD_LINE_LENGTH 
....................    #define LCD_LINE_LENGTH 20 
.................... #endif 
....................  
.................... unsigned int8 const LCD_INIT_STRING[4] = {0x20 | (LCD_TYPE << 2), 0xc, 1, 6}; 
....................                              // These bytes need to be sent to the LCD 
....................                              // to start it up. 
....................  
.................... unsigned int8 lcd_read_nibble(void); 
....................  
.................... unsigned int8 lcd_read_byte(void) 
.................... { 
....................    unsigned int8 low,high; 
....................  
....................  #if defined(__PCB__) 
....................    set_tris_lcd(LCD_INPUT_MAP); 
....................  #else 
....................   #if (defined(LCD_DATA4) && defined(LCD_DATA5) && defined(LCD_DATA6) && defined(LCD_DATA7)) 
....................    output_float(LCD_DATA4); 
....................    output_float(LCD_DATA5); 
....................    output_float(LCD_DATA6); 
....................    output_float(LCD_DATA7); 
....................   #else 
....................    lcdtris.data = 0xF; 
*
0039:  MOVLW  0F
003A:  BSF    03.5
003B:  ANDWF  06,W
003C:  IORLW  F0
003D:  MOVWF  06
....................   #endif 
....................  #endif 
....................          
....................    lcd_output_rw(1); 
003E:  BCF    03.5
003F:  BSF    06.2
....................    delay_cycles(1); 
0040:  NOP
....................    lcd_output_enable(1); 
0041:  BSF    06.0
....................    delay_cycles(1); 
0042:  NOP
....................    high = lcd_read_nibble(); 
0043:  CALL   02D
0044:  MOVF   78,W
0045:  MOVWF  29
....................        
....................    lcd_output_enable(0); 
0046:  BCF    06.0
....................    delay_cycles(1); 
0047:  NOP
....................    lcd_output_enable(1); 
0048:  BSF    06.0
....................    delay_us(1); 
0049:  NOP
....................    low = lcd_read_nibble(); 
004A:  CALL   02D
004B:  MOVF   78,W
004C:  MOVWF  28
....................        
....................    lcd_output_enable(0); 
004D:  BCF    06.0
....................  
....................  #if defined(__PCB__) 
....................    set_tris_lcd(LCD_OUTPUT_MAP); 
....................  #else 
....................   #if (defined(LCD_DATA4) && defined(LCD_DATA5) && defined(LCD_DATA6) && defined(LCD_DATA7)) 
....................    output_drive(LCD_DATA4); 
....................    output_drive(LCD_DATA5); 
....................    output_drive(LCD_DATA6); 
....................    output_drive(LCD_DATA7); 
....................   #else 
....................    lcdtris.data = 0x0; 
004E:  MOVLW  0F
004F:  BSF    03.5
0050:  ANDWF  06,W
0051:  MOVWF  06
....................   #endif 
....................  #endif 
....................  
....................    return( (high<<4) | low); 
0052:  BCF    03.5
0053:  SWAPF  29,W
0054:  MOVWF  77
0055:  MOVLW  F0
0056:  ANDWF  77,F
0057:  MOVF   77,W
0058:  IORWF  28,W
0059:  MOVWF  78
.................... } 
....................  
.................... unsigned int8 lcd_read_nibble(void) 
.................... { 
....................   #if (defined(LCD_DATA4) && defined(LCD_DATA5) && defined(LCD_DATA6) && defined(LCD_DATA7)) 
....................    unsigned int8 n = 0x00; 
....................  
....................    /* Read the data port */ 
....................    n |= input(LCD_DATA4); 
....................    n |= input(LCD_DATA5) << 1; 
....................    n |= input(LCD_DATA6) << 2; 
....................    n |= input(LCD_DATA7) << 3; 
....................     
....................    return(n); 
....................   #else 
....................    return(lcd.data); 
*
002D:  MOVF   06,W
002E:  MOVWF  77
002F:  SWAPF  06,W
0030:  ANDLW  0F
0031:  MOVWF  78
....................   #endif 
0032:  RETURN
.................... } 
....................  
.................... void lcd_send_nibble(unsigned int8 n) 
.................... { 
....................   #if (defined(LCD_DATA4) && defined(LCD_DATA5) && defined(LCD_DATA6) && defined(LCD_DATA7)) 
....................    /* Write to the data port */ 
....................    output_bit(LCD_DATA4, bit_test(n, 0)); 
....................    output_bit(LCD_DATA5, bit_test(n, 1)); 
....................    output_bit(LCD_DATA6, bit_test(n, 2)); 
....................    output_bit(LCD_DATA7, bit_test(n, 3)); 
....................   #else       
....................    lcdlat.data = n; 
*
0021:  SWAPF  29,W
0022:  ANDLW  F0
0023:  MOVWF  77
0024:  MOVLW  0F
0025:  ANDWF  06,W
0026:  IORWF  77,W
0027:  MOVWF  06
....................   #endif 
....................        
....................    delay_cycles(1); 
0028:  NOP
....................    lcd_output_enable(1); 
0029:  BSF    06.0
....................    delay_us(2); 
002A:  GOTO   02B
....................    lcd_output_enable(0); 
002B:  BCF    06.0
002C:  RETURN
.................... } 
....................  
.................... void lcd_send_byte(unsigned int8 address, unsigned int8 n) 
.................... { 
....................   #if defined(__PCB__) 
....................    set_tris_lcd(LCD_OUTPUT_MAP); 
....................   #else 
....................    lcd_enable_tris(); 
*
0033:  BSF    03.5
0034:  BCF    06.0
....................    lcd_rs_tris(); 
0035:  BCF    06.1
....................    lcd_rw_tris(); 
0036:  BCF    06.2
....................   #endif 
....................  
....................    lcd_output_rs(0); 
0037:  BCF    03.5
0038:  BCF    06.1
....................    while ( bit_test(lcd_read_byte(),7) ) ; 
*
005A:  MOVF   78,W
005B:  MOVWF  28
005C:  BTFSC  28.7
005D:  GOTO   039
....................    lcd_output_rs(address); 
005E:  BTFSS  26.0
005F:  BCF    06.1
0060:  BTFSC  26.0
0061:  BSF    06.1
....................    delay_cycles(1); 
0062:  NOP
....................    lcd_output_rw(0); 
0063:  BCF    06.2
....................    delay_cycles(1); 
0064:  NOP
....................    lcd_output_enable(0); 
0065:  BCF    06.0
....................    lcd_send_nibble(n >> 4); 
0066:  SWAPF  27,W
0067:  MOVWF  28
0068:  MOVLW  0F
0069:  ANDWF  28,F
006A:  MOVF   28,W
006B:  MOVWF  29
006C:  CALL   021
....................    lcd_send_nibble(n & 0xf); 
006D:  MOVF   27,W
006E:  ANDLW  0F
006F:  MOVWF  28
0070:  MOVWF  29
0071:  CALL   021
0072:  RETURN
.................... } 
....................  
.................... #if defined(LCD_EXTENDED_NEWLINE) 
.................... unsigned int8 g_LcdX, g_LcdY; 
.................... #endif 
....................  
.................... void lcd_init(void)  
.................... { 
....................    unsigned int8 i; 
....................  
....................  #if defined(__PCB__) 
....................    set_tris_lcd(LCD_OUTPUT_MAP); 
....................  #else 
....................   #if (defined(LCD_DATA4) && defined(LCD_DATA5) && defined(LCD_DATA6) && defined(LCD_DATA7)) 
....................    output_drive(LCD_DATA4); 
....................    output_drive(LCD_DATA5); 
....................    output_drive(LCD_DATA6); 
....................    output_drive(LCD_DATA7); 
....................   #else 
....................    lcdtris.data = 0x0; 
0073:  MOVLW  0F
0074:  BSF    03.5
0075:  ANDWF  06,W
0076:  MOVWF  06
....................   #endif 
....................    lcd_enable_tris(); 
0077:  BCF    06.0
....................    lcd_rs_tris(); 
0078:  BCF    06.1
....................    lcd_rw_tris(); 
0079:  BCF    06.2
....................  #endif 
....................  
....................    lcd_output_rs(0); 
007A:  BCF    03.5
007B:  BCF    06.1
....................    lcd_output_rw(0); 
007C:  BCF    06.2
....................    lcd_output_enable(0); 
007D:  BCF    06.0
....................      
....................    delay_ms(15); 
007E:  MOVLW  0F
007F:  MOVWF  22
0080:  CALL   00C
....................    for(i=1;i<=3;++i) 
0081:  MOVLW  01
0082:  MOVWF  21
0083:  MOVF   21,W
0084:  SUBLW  03
0085:  BTFSS  03.0
0086:  GOTO   08F
....................    { 
....................        lcd_send_nibble(3); 
0087:  MOVLW  03
0088:  MOVWF  29
0089:  CALL   021
....................        delay_ms(5); 
008A:  MOVLW  05
008B:  MOVWF  22
008C:  CALL   00C
008D:  INCF   21,F
008E:  GOTO   083
....................    } 
....................     
....................    lcd_send_nibble(2); 
008F:  MOVLW  02
0090:  MOVWF  29
0091:  CALL   021
....................    delay_ms(5); 
0092:  MOVLW  05
0093:  MOVWF  22
0094:  CALL   00C
....................    for(i=0;i<=3;++i) 
0095:  CLRF   21
0096:  MOVF   21,W
0097:  SUBLW  03
0098:  BTFSS  03.0
0099:  GOTO   0A3
....................       lcd_send_byte(0,LCD_INIT_STRING[i]); 
009A:  MOVF   21,W
009B:  CALL   004
009C:  MOVWF  22
009D:  CLRF   26
009E:  MOVF   22,W
009F:  MOVWF  27
00A0:  CALL   033
....................  
....................   #if defined(LCD_EXTENDED_NEWLINE) 
00A1:  INCF   21,F
00A2:  GOTO   096
00A3:  BCF    0A.3
00A4:  BCF    0A.4
00A5:  GOTO   1BD (RETURN)
....................    g_LcdX = 0; 
....................    g_LcdY = 0; 
....................   #endif 
.................... } 
....................  
.................... void lcd_gotoxy(unsigned int8 x, unsigned int8 y) 
.................... { 
....................    unsigned int8 address; 
....................     
....................    if(y!=1) 
00A6:  DECFSZ 23,W
00A7:  GOTO   0A9
00A8:  GOTO   0AC
....................       address=LCD_LINE_TWO; 
00A9:  MOVLW  40
00AA:  MOVWF  24
00AB:  GOTO   0AD
....................    else 
....................       address=0; 
00AC:  CLRF   24
....................       
....................    address+=x-1; 
00AD:  MOVLW  01
00AE:  SUBWF  22,W
00AF:  ADDWF  24,F
....................    lcd_send_byte(0,0x80|address); 
00B0:  MOVF   24,W
00B1:  IORLW  80
00B2:  MOVWF  25
00B3:  CLRF   26
00B4:  MOVF   25,W
00B5:  MOVWF  27
00B6:  CALL   033
....................  
....................   #if defined(LCD_EXTENDED_NEWLINE) 
00B7:  RETURN
....................    g_LcdX = x - 1; 
....................    g_LcdY = y - 1; 
....................   #endif 
.................... } 
....................  
.................... void lcd_putc(char c) 
.................... { 
....................    switch (c) 
00B8:  MOVF   21,W
00B9:  XORLW  07
00BA:  BTFSC  03.2
00BB:  GOTO   0C6
00BC:  XORLW  0B
00BD:  BTFSC  03.2
00BE:  GOTO   0CB
00BF:  XORLW  06
00C0:  BTFSC  03.2
00C1:  GOTO   0D3
00C2:  XORLW  02
00C3:  BTFSC  03.2
00C4:  GOTO   0D9
00C5:  GOTO   0DE
....................    { 
....................       case '\a'   :  lcd_gotoxy(1,1);     break; 
00C6:  MOVLW  01
00C7:  MOVWF  22
00C8:  MOVWF  23
00C9:  CALL   0A6
00CA:  GOTO   0E3
....................  
....................       case '\f'   :  lcd_send_byte(0,1); 
00CB:  CLRF   26
00CC:  MOVLW  01
00CD:  MOVWF  27
00CE:  CALL   033
....................                      delay_ms(2); 
00CF:  MOVLW  02
00D0:  MOVWF  22
00D1:  CALL   00C
....................                     #if defined(LCD_EXTENDED_NEWLINE) 
....................                      g_LcdX = 0; 
....................                      g_LcdY = 0; 
....................                     #endif 
....................                      break; 
00D2:  GOTO   0E3
....................  
....................      #if defined(LCD_EXTENDED_NEWLINE) 
....................       case '\r'   :  lcd_gotoxy(1, g_LcdY+1);   break; 
....................       case '\n'   : 
....................          while (g_LcdX++ < LCD_LINE_LENGTH) 
....................          { 
....................             lcd_send_byte(1, ' '); 
....................          } 
....................          lcd_gotoxy(1, g_LcdY+2); 
....................          break; 
....................      #else 
....................       case '\n'   : lcd_gotoxy(1,2);        break; 
00D3:  MOVLW  01
00D4:  MOVWF  22
00D5:  MOVLW  02
00D6:  MOVWF  23
00D7:  CALL   0A6
00D8:  GOTO   0E3
....................      #endif 
....................       
....................       case '\b'   : lcd_send_byte(0,0x10);  break; 
00D9:  CLRF   26
00DA:  MOVLW  10
00DB:  MOVWF  27
00DC:  CALL   033
00DD:  GOTO   0E3
....................       
....................      #if defined(LCD_EXTENDED_NEWLINE) 
....................       default     :  
....................          if (g_LcdX < LCD_LINE_LENGTH) 
....................          { 
....................             lcd_send_byte(1, c); 
....................             g_LcdX++; 
....................          } 
....................          break; 
....................      #else 
....................       default     : lcd_send_byte(1,c);     break; 
00DE:  MOVLW  01
00DF:  MOVWF  26
00E0:  MOVF   21,W
00E1:  MOVWF  27
00E2:  CALL   033
....................      #endif 
....................    } 
00E3:  RETURN
.................... } 
....................   
.................... char lcd_getc(unsigned int8 x, unsigned int8 y) 
.................... { 
....................    char value; 
....................  
....................    lcd_gotoxy(x,y); 
....................    while ( bit_test(lcd_read_byte(),7) ); // wait until busy flag is low 
....................    lcd_output_rs(1); 
....................    value = lcd_read_byte(); 
....................    lcd_output_rs(0); 
....................     
....................    return(value); 
.................... } 
....................  
.................... // write a custom character to the ram 
.................... // which is 0-7 and specifies which character array we are modifying. 
.................... // ptr points to an array of 8 bytes, where each byte is the next row of 
.................... //    pixels.  only bits 0-4 are used.  the last row is the cursor row, and 
.................... //    usually you will want to leave this byte 0x00. 
.................... void lcd_set_cgram_char(unsigned int8 which, unsigned int8 *ptr) 
.................... { 
....................    unsigned int i; 
....................  
....................    which <<= 3; 
....................    which &= 0x38; 
....................  
....................    lcd_send_byte(0, 0x40 | which);  //set cgram address 
....................  
....................    for(i=0; i<8; i++) 
....................    { 
....................       lcd_send_byte(1, *ptr++); 
....................    } 
....................    
....................    #if defined(LCD_EXTENDED_NEWLINE) 
....................     lcd_gotoxy(g_LcdX+1, g_LcdY+1);  //set ddram address 
....................    #endif 
.................... } 
....................  
.................... void lcd_cursor_on(int1 on) 
.................... { 
....................    if (on) 
....................    { 
....................       lcd_send_byte(0,0x0F);           //turn LCD cursor ON 
....................    } 
....................    else 
....................    { 
....................       lcd_send_byte(0,0x0C);           //turn LCD cursor OFF 
....................    } 
.................... } 
....................  
.................... #endif 
....................  
....................  
....................  
.................... char tus(){ 
.................... output_b(0x00); 
00E4:  CLRF   06
....................  
.................... output_high(pin_d0); 
00E5:  BSF    08.0
.................... if(input(pin_d4)){delay_ms(20);printf(lcd_putc,"\f7");} 
00E6:  BTFSS  08.4
00E7:  GOTO   0F1
00E8:  MOVLW  14
00E9:  MOVWF  22
00EA:  CALL   00C
00EB:  MOVLW  0C
00EC:  MOVWF  21
00ED:  CALL   0B8
00EE:  MOVLW  37
00EF:  MOVWF  21
00F0:  CALL   0B8
.................... if(input(pin_d5)){delay_ms(20);printf(lcd_putc,"\f8");} 
00F1:  BTFSS  08.5
00F2:  GOTO   0FC
00F3:  MOVLW  14
00F4:  MOVWF  22
00F5:  CALL   00C
00F6:  MOVLW  0C
00F7:  MOVWF  21
00F8:  CALL   0B8
00F9:  MOVLW  38
00FA:  MOVWF  21
00FB:  CALL   0B8
.................... if(input(pin_d6)){delay_ms(20);printf(lcd_putc,"\f9");} 
00FC:  BTFSS  08.6
00FD:  GOTO   107
00FE:  MOVLW  14
00FF:  MOVWF  22
0100:  CALL   00C
0101:  MOVLW  0C
0102:  MOVWF  21
0103:  CALL   0B8
0104:  MOVLW  39
0105:  MOVWF  21
0106:  CALL   0B8
.................... if(input(pin_d7)){delay_ms(20);printf(lcd_putc,"\f/");} 
0107:  BTFSS  08.7
0108:  GOTO   112
0109:  MOVLW  14
010A:  MOVWF  22
010B:  CALL   00C
010C:  MOVLW  0C
010D:  MOVWF  21
010E:  CALL   0B8
010F:  MOVLW  2F
0110:  MOVWF  21
0111:  CALL   0B8
.................... output_low(pin_d0); 
0112:  BCF    08.0
....................  
....................  
.................... output_high(pin_d1); 
0113:  BSF    08.1
.................... if(input(pin_d4)){delay_ms(20);printf(lcd_putc,"\f4");} 
0114:  BTFSS  08.4
0115:  GOTO   11F
0116:  MOVLW  14
0117:  MOVWF  22
0118:  CALL   00C
0119:  MOVLW  0C
011A:  MOVWF  21
011B:  CALL   0B8
011C:  MOVLW  34
011D:  MOVWF  21
011E:  CALL   0B8
.................... if(input(pin_d5)){delay_ms(20);printf(lcd_putc,"\f5");} 
011F:  BTFSS  08.5
0120:  GOTO   12A
0121:  MOVLW  14
0122:  MOVWF  22
0123:  CALL   00C
0124:  MOVLW  0C
0125:  MOVWF  21
0126:  CALL   0B8
0127:  MOVLW  35
0128:  MOVWF  21
0129:  CALL   0B8
.................... if(input(pin_d6)){delay_ms(20);printf(lcd_putc,"\f6");} 
012A:  BTFSS  08.6
012B:  GOTO   135
012C:  MOVLW  14
012D:  MOVWF  22
012E:  CALL   00C
012F:  MOVLW  0C
0130:  MOVWF  21
0131:  CALL   0B8
0132:  MOVLW  36
0133:  MOVWF  21
0134:  CALL   0B8
.................... if(input(pin_d7)){delay_ms(20);printf(lcd_putc,"\fx");} 
0135:  BTFSS  08.7
0136:  GOTO   140
0137:  MOVLW  14
0138:  MOVWF  22
0139:  CALL   00C
013A:  MOVLW  0C
013B:  MOVWF  21
013C:  CALL   0B8
013D:  MOVLW  78
013E:  MOVWF  21
013F:  CALL   0B8
.................... output_low(pin_d1); 
0140:  BCF    08.1
....................  
.................... output_high(pin_d2); 
0141:  BSF    08.2
.................... if(input(pin_d4)){delay_ms(20);printf(lcd_putc,"\f1");} 
0142:  BTFSS  08.4
0143:  GOTO   14D
0144:  MOVLW  14
0145:  MOVWF  22
0146:  CALL   00C
0147:  MOVLW  0C
0148:  MOVWF  21
0149:  CALL   0B8
014A:  MOVLW  31
014B:  MOVWF  21
014C:  CALL   0B8
.................... if(input(pin_d5)){delay_ms(20);printf(lcd_putc,"\f2");} 
014D:  BTFSS  08.5
014E:  GOTO   158
014F:  MOVLW  14
0150:  MOVWF  22
0151:  CALL   00C
0152:  MOVLW  0C
0153:  MOVWF  21
0154:  CALL   0B8
0155:  MOVLW  32
0156:  MOVWF  21
0157:  CALL   0B8
.................... if(input(pin_d6)){delay_ms(20);printf(lcd_putc,"\f3");} 
0158:  BTFSS  08.6
0159:  GOTO   163
015A:  MOVLW  14
015B:  MOVWF  22
015C:  CALL   00C
015D:  MOVLW  0C
015E:  MOVWF  21
015F:  CALL   0B8
0160:  MOVLW  33
0161:  MOVWF  21
0162:  CALL   0B8
.................... if(input(pin_d7)){delay_ms(20);printf(lcd_putc,"\f-");} 
0163:  BTFSS  08.7
0164:  GOTO   16E
0165:  MOVLW  14
0166:  MOVWF  22
0167:  CALL   00C
0168:  MOVLW  0C
0169:  MOVWF  21
016A:  CALL   0B8
016B:  MOVLW  2D
016C:  MOVWF  21
016D:  CALL   0B8
.................... output_low(pin_d2); 
016E:  BCF    08.2
....................  
.................... output_high(pin_d3); 
016F:  BSF    08.3
.................... if(input(pin_d4)){delay_ms(20);printf(lcd_putc,"\fON");} 
0170:  BTFSS  08.4
0171:  GOTO   17E
0172:  MOVLW  14
0173:  MOVWF  22
0174:  CALL   00C
0175:  MOVLW  0C
0176:  MOVWF  21
0177:  CALL   0B8
0178:  MOVLW  4F
0179:  MOVWF  21
017A:  CALL   0B8
017B:  MOVLW  4E
017C:  MOVWF  21
017D:  CALL   0B8
.................... if(input(pin_d5)){delay_ms(20);printf(lcd_putc,"\f0");} 
017E:  BTFSS  08.5
017F:  GOTO   189
0180:  MOVLW  14
0181:  MOVWF  22
0182:  CALL   00C
0183:  MOVLW  0C
0184:  MOVWF  21
0185:  CALL   0B8
0186:  MOVLW  30
0187:  MOVWF  21
0188:  CALL   0B8
.................... if(input(pin_d6)){delay_ms(20);printf(lcd_putc,"\f=");} 
0189:  BTFSS  08.6
018A:  GOTO   194
018B:  MOVLW  14
018C:  MOVWF  22
018D:  CALL   00C
018E:  MOVLW  0C
018F:  MOVWF  21
0190:  CALL   0B8
0191:  MOVLW  3D
0192:  MOVWF  21
0193:  CALL   0B8
.................... if(input(pin_d7)){delay_ms(20);printf(lcd_putc,"\f+");} 
0194:  BTFSS  08.7
0195:  GOTO   19F
0196:  MOVLW  14
0197:  MOVWF  22
0198:  CALL   00C
0199:  MOVLW  0C
019A:  MOVWF  21
019B:  CALL   0B8
019C:  MOVLW  2B
019D:  MOVWF  21
019E:  CALL   0B8
.................... output_low(pin_d3); 
019F:  BCF    08.3
.................... return 0; 
01A0:  MOVLW  00
01A1:  MOVWF  78
01A2:  BCF    0A.3
01A3:  BCF    0A.4
01A4:  GOTO   1BE (RETURN)
....................  
....................  
.................... } 
....................  
.................... void main() 
01A5:  BSF    03.5
01A6:  BSF    1F.0
01A7:  BSF    1F.1
01A8:  BSF    1F.2
01A9:  BCF    1F.3
01AA:  BCF    03.7
01AB:  MOVLW  1F
01AC:  ANDWF  03,F
.................... { 
....................  
....................  
.................... setup_adc_ports(NO_ANALOGS); 
01AD:  BSF    1F.0
01AE:  BSF    1F.1
01AF:  BSF    1F.2
01B0:  BCF    1F.3
.................... setup_adc(ADC_OFF); 
01B1:  BCF    03.5
01B2:  BCF    1F.0
.................... setup_CCP1(CCP_OFF); 
01B3:  MOVLW  F0
01B4:  ANDWF  17,F
.................... setup_CCP2(CCP_OFF); 
01B5:  ANDWF  1D,F
....................  
.................... set_tris_b(0x00); 
01B6:  MOVLW  00
01B7:  BSF    03.5
01B8:  MOVWF  06
.................... set_tris_d(0b11110000); 
01B9:  MOVLW  F0
01BA:  MOVWF  08
.................... lcd_init(); 
01BB:  BCF    03.5
01BC:  GOTO   073
....................  
....................  
....................  
.................... while(true){ 
.................... tus(); 
01BD:  GOTO   0E4
01BE:  GOTO   1BD
.................... } 
.................... } 
01BF:  SLEEP

Configuration Fuses:
   Word  1: 3F31   XT NOWDT PUT NOBROWNOUT NOLVP NOCPD NOWRT NODEBUG NOPROTECT
